<?xml version="1.0" encoding="UTF-8"?>
<!-- Generated by org.testng.reporters.JUnitReportReporter -->
<testsuite hostname="ojas-dl647" failures="0" tests="2" name="AdminTestCases.TC_AP_002" time="36.593" errors="0" timestamp="2023-07-14T16:21:15 IST" skipped="0">
  <testcase classname="AdminTestCases.TC_AP_002" name="TC_AP_002" time="0.002"/>
  <testcase classname="AdminTestCases.TC_AP_002" name="TC_AP_001" time="36.591"/>
</testsuite> <!-- AdminTestCases.TC_AP_002 -->
