<?xml version="1.0" encoding="UTF-8"?>
<!-- Generated by org.testng.reporters.JUnitReportReporter -->
<testsuite hostname="ojas-dl647" failures="0" tests="1" name="TestCases.TC_002_Login" time="31.599" errors="0" timestamp="2023-07-14T15:35:14 IST" skipped="0">
  <testcase classname="TestCases.TC_002_Login" name="TC_002_Login" time="31.599"/>
</testsuite> <!-- TestCases.TC_002_Login -->
