<?xml version="1.0" encoding="UTF-8"?>
<!-- Generated by org.testng.reporters.JUnitReportReporter -->
<testsuite hostname="ojas-dl647" failures="0" tests="1" name="AdminTestCases.TC_AP_001" time="33.098" errors="0" timestamp="2023-07-17T12:08:54 IST" skipped="0">
  <testcase classname="AdminTestCases.TC_AP_001" name="TC_AP_001" time="33.098"/>
</testsuite> <!-- AdminTestCases.TC_AP_001 -->
