<?xml version="1.0" encoding="UTF-8"?>
<!-- Generated by org.testng.reporters.JUnitReportReporter -->
<testsuite hostname="ojas-dl647" failures="0" tests="1" name="LoginTestCase.TC_LP_001" time="17.291" errors="0" timestamp="2023-07-17T15:51:21 IST" skipped="0">
  <testcase classname="LoginTestCase.TC_LP_001" name="TC_OO1_Login" time="17.291"/>
</testsuite> <!-- LoginTestCase.TC_LP_001 -->
