<?xml version="1.0" encoding="UTF-8"?>
<!-- Generated by org.testng.reporters.JUnitReportReporter -->
<testsuite hostname="ojas-dl647" failures="0" tests="1" name="TestCases.TC_OO1_Login" time="27.073" errors="0" timestamp="2023-07-14T15:32:10 IST" skipped="0">
  <testcase classname="TestCases.TC_OO1_Login" name="TC_OO1_Login" time="27.073"/>
</testsuite> <!-- TestCases.TC_OO1_Login -->
