<?xml version="1.0" encoding="UTF-8"?>
<!-- Generated by org.testng.reporters.JUnitReportReporter -->
<testsuite hostname="ojas-dl647" failures="0" tests="1" name="LoginTestCase.TC_LP_001" time="21.730" errors="0" timestamp="2023-07-17T10:12:25 IST" skipped="0">
  <testcase classname="LoginTestCase.TC_LP_001" name="TC_OO1_Login" time="21.730"/>
</testsuite> <!-- LoginTestCase.TC_LP_001 -->
